Dataset 911
Epoch 0, 0.6396648287773132
Dataset 941
Epoch 1, 0.6550760865211487
Dataset 754
Epoch 2, 0.6315702199935913
Dataset 1554
Epoch 3, 1.5073602199554443
Dataset 1519
Epoch 4, 0.565625786781311
Dataset 43921
Epoch 5, 0.8523998856544495
Dataset 744
Epoch 6, 0.6565735340118408
Dataset 41005
Epoch 7, 0.6753926277160645
Dataset 769
Epoch 8, 0.6910744905471802
Dataset 1466
Epoch 9, 1.77595055103302
Dataset 40700
Epoch 10, 0.8462923765182495
Dataset 766
Epoch 11, 0.6915836930274963
Dataset 44412
Epoch 12, 0.6647833585739136
Dataset 463
Epoch 13, 0.38281217217445374
Dataset 1064
Epoch 14, 0.38721051812171936
Dataset 4329
Epoch 15, 0.42078039050102234
Dataset 991
Epoch 16, 0.5778768062591553
Dataset 855
Epoch 17, 0.6555113196372986
Dataset 40
Epoch 18, 0.5996225476264954
Dataset 53
Epoch 19, 0.5085625648498535
Dataset 51
Epoch 20, 0.5899479985237122
Dataset 1455
Epoch 21, 0.4161733090877533
Dataset 1553
Epoch 22, 1.089199185371399
Dataset 44723
Epoch 23, 0.514491856098175
Dataset 44463
Epoch 24, 0.6812633872032166
Dataset 776
Epoch 25, 0.6271221041679382
Dataset 941
Epoch 26, 0.5975622534751892
Dataset 40649
Epoch 27, 0.692960798740387
Dataset 717
Epoch 28, 0.4481315612792969
Dataset 1553
Epoch 29, 1.0880191326141357
Dataset 452
Epoch 30, 1.6945788860321045
Dataset 40
Epoch 31, 0.5789178013801575
Dataset 42530
Epoch 32, 1.9762235879898071
Dataset 43786
Epoch 33, 0.6447127461433411
Dataset 915
Epoch 34, 0.6784199476242065
Dataset 921
Epoch 35, 0.4241986870765686
Dataset 40650
Epoch 36, 0.692971408367157
Dataset 840
Epoch 37, 0.3541986644268036
Dataset 45557
Epoch 38, 0.5943801999092102
Dataset 285
Epoch 39, 1.7105995416641235
Dataset 44708
Epoch 40, 0.21978843212127686
Dataset 798
Epoch 41, 0.6814918518066406
Dataset 43255
Epoch 42, 0.6863036155700684
Dataset 908
Epoch 43, 0.6919560432434082
Dataset 824
Epoch 44, 0.6444615125656128
Dataset 754
Epoch 45, 0.6109185814857483
Dataset 43949
Epoch 46, 0.6885098814964294
Dataset 941
Epoch 47, 0.5379753708839417
Dataset 475
Epoch 48, 1.321166753768921
Exception occurred: low >= high on dataset 464. Retrying with a different dataset...
Dataset 903
Epoch 49, 0.6500819325447083
Dataset 926
Epoch 50, 0.6572393178939819
Exception occurred: No access granted - None on dataset 167. Retrying with a different dataset...
Dataset 43097
Epoch 51, 0.6886812448501587
Dataset 768
Epoch 52, 0.6659858822822571
Dataset 877
Epoch 53, 0.6735565066337585
Dataset 450
Epoch 54, 0.21639218926429749
Dataset 44362
Epoch 55, 0.6418330073356628
Dataset 922
Epoch 56, 0.6244364380836487
Dataset 889
Epoch 57, 0.6810353994369507
Dataset 23499
Epoch 58, 0.5678756833076477
Dataset 918
Epoch 59, 0.6809289455413818
Dataset 44377
Epoch 60, 0.675715982913971
Dataset 44417
Epoch 61, 0.6886126399040222
Dataset 1552
Epoch 62, 1.5634549856185913
Dataset 40677
Epoch 63, 2.079076051712036
Dataset 44763
Epoch 64, 0.47654804587364197
Dataset 49
Epoch 65, 0.5766444206237793
Dataset 41004
Epoch 66, 0.6743632555007935
Dataset 863
Epoch 67, 0.6839630603790283
Dataset 41430
Epoch 68, 0.6263667345046997
Dataset 40680
Epoch 69, 0.3163885474205017
Dataset 44708
Epoch 70, 0.22130301594734192
Dataset 44678
Epoch 71, 0.5440043210983276
Dataset 694
Epoch 72, 1.0658659934997559
Dataset 4153
Epoch 73, 0.8236584067344666
Dataset 826
Epoch 74, 0.675804078578949
Dataset 751
Epoch 75, 0.6522864103317261
Dataset 44428
Epoch 76, 0.6675353050231934
Dataset 156
Epoch 77, 1.5188336372375488
Dataset 44723
Epoch 78, 0.49028000235557556
Dataset 44412
Epoch 79, 0.5595377683639526
Dataset 45613
Epoch 80, 0.35766538977622986
Dataset 40669
Epoch 81, 0.49483633041381836
Dataset 757
Epoch 82, 0.3025619685649872
Exception occurred: https://www.openml.org/api/v1/xml/data/94 returned code 111: Unknown dataset - None on dataset 94. Retrying with a different dataset...
WARNING:openml.datasets.functions:Could not download file from https://openml1.win.tue.nl/datasets/0004/43147/dataset_43147.pq: Object at 'https://openml1.win.tue.nl/datasets/0004/43147/dataset_43147.pq' does not exist.
WARNING:openml.datasets.functions:Failed to download parquet, fallback on ARFF.
Exception occurred: Unsupported escape sequence: \w on dataset 43147. Retrying with a different dataset...
Dataset 918
Epoch 83, 0.6757965683937073
Dataset 43949
Epoch 84, 0.6867917776107788
Dataset 769
Epoch 85, 0.6731873750686646
Dataset 968
Epoch 86, 0.3620958924293518
Dataset 1466
Epoch 87, 1.3813813924789429
Dataset 41005
Epoch 88, 0.6004425287246704
Dataset 44768
Epoch 89, 0.778917133808136
Dataset 824
Epoch 90, 0.6113890409469604
Dataset 776
Epoch 91, 0.6199906468391418
Dataset 44488
Epoch 92, 0.21133697032928467
Dataset 4153
Epoch 93, 0.8537238240242004
Dataset 767
Epoch 94, 0.38964131474494934
Dataset 877
Epoch 95, 0.675830066204071
Dataset 1071
Epoch 96, 0.23087053000926971
Dataset 918
Epoch 97, 0.6830669045448303
Dataset 907
Epoch 98, 0.6931397318840027
Dataset 812
Epoch 99, 0.6685119271278381
Dataset 1488
Epoch 100, 0.38422462344169617
Dataset 1054
Epoch 101, 0.5747206807136536
Dataset 827
Epoch 102, 0.6913235783576965
Dataset 1552
Epoch 103, 1.5689436197280884
Dataset 481
Epoch 104, 0.3766750395298004
Dataset 40981
Epoch 105, 0.42228472232818604
Exception occurred: https://www.openml.org/api/v1/xml/data/94 returned code 111: Unknown dataset - None on dataset 94. Retrying with a different dataset...
Dataset 41538
Epoch 106, 0.3888915479183197
Dataset 44658
Epoch 107, 0.3908431828022003
Dataset 746
Epoch 108, 0.6703123450279236
Dataset 44372
Epoch 109, 0.6053980588912964
Dataset 751
Epoch 110, 0.6182292103767395
Dataset 935
Epoch 111, 0.5248042941093445
Dataset 1451
Epoch 112, 0.2815585136413574
Dataset 934
Epoch 113, 0.3099108636379242
Dataset 285
Epoch 114, 1.6690282821655273
Dataset 42665
Epoch 115, 0.36852577328681946
Dataset 770
Epoch 116, 0.6334901452064514
Dataset 13
Epoch 117, 0.583984375
WARNING:openml.datasets.functions:Could not download file from https://openml1.win.tue.nl/datasets/0004/43149/dataset_43149.pq: Object at 'https://openml1.win.tue.nl/datasets/0004/43149/dataset_43149.pq' does not exist.
WARNING:openml.datasets.functions:Failed to download parquet, fallback on ARFF.
Exception occurred: Unsupported escape sequence: \w on dataset 43149. Retrying with a different dataset...
Dataset 44345
Epoch 118, 0.6248893737792969
Dataset 721
Epoch 119, 0.5750483274459839
Dataset 1413
Epoch 120, 0.3841872215270996
Dataset 44488
Epoch 121, 0.2193831205368042
Dataset 44397
Epoch 122, 0.5905740857124329
Dataset 450
Epoch 123, 0.18083858489990234
Dataset 45613
Epoch 124, 0.30049365758895874
Dataset 1463
Epoch 125, 0.593997061252594
Dataset 748
Epoch 126, 0.5106550455093384
Dataset 902
Epoch 127, 0.673180878162384
Dataset 45748
Epoch 128, 0.6830625534057617
Dataset 912
Epoch 129, 0.5026738047599792
Dataset 40
Epoch 130, 0.5548344254493713
Dataset 740
Epoch 131, 0.572597086429596
Dataset 43
Epoch 132, 0.5645987391471863
Dataset 841
Epoch 133, 0.472434937953949
Dataset 850
Epoch 134, 0.6739658117294312
Dataset 1453
Epoch 135, 0.33426612615585327
Dataset 285
Epoch 136, 1.6919310092926025
Exception occurred: low >= high on dataset 679. Retrying with a different dataset...
Dataset 873
Epoch 137, 0.6602805256843567
Dataset 43921
Epoch 138, 0.6690081357955933
Dataset 952
Epoch 139, 1.2578845024108887
Dataset 1490
Epoch 140, 0.6186041235923767
Dataset 41004
Epoch 141, 0.79768306016922
Dataset 44493
Epoch 142, 0.6932509541511536
Dataset 45717
Epoch 143, 0.6332351565361023
Dataset 44548
Epoch 144, 0.2084883451461792
Dataset 766
Epoch 145, 0.687923014163971
Dataset 448
Epoch 146, 0.6274260878562927
Dataset 865
Epoch 147, 0.26284149289131165
Dataset 765
Epoch 148, 0.3702828288078308
Dataset 788
Epoch 149, 0.6263117790222168
Dataset 42665
Epoch 150, 0.32571619749069214
Dataset 377
Epoch 151, 0.21435925364494324
Dataset 728
Epoch 152, 0.4535314440727234
Dataset 854
Epoch 153, 0.1773156374692917
Dataset 793
Epoch 154, 0.6473915576934814
Dataset 460
Epoch 155, 1.2391912937164307
Dataset 1549
Epoch 156, 2.005765914916992
Exception occurred: low >= high on dataset 895. Retrying with a different dataset...
Dataset 875
Epoch 157, 0.4768351912498474
Dataset 767
Epoch 158, 0.36682769656181335
Dataset 770
Epoch 159, 0.6243715286254883
Dataset 934
Epoch 160, 0.3008226752281189
Dataset 747
Epoch 161, 0.26575517654418945
Dataset 153
Epoch 162, 0.583674430847168
Exception occurred: low >= high on dataset 679. Retrying with a different dataset...
Dataset 769
Epoch 163, 0.6809289455413818
Dataset 896
Epoch 164, 0.6557192802429199
Dataset 829
Epoch 165, 0.6069353818893433
Dataset 44663
Epoch 166, 1.5616178512573242
Dataset 42530
Epoch 167, 1.9070768356323242
Dataset 44387
Epoch 168, 0.6349322199821472
Dataset 25
Epoch 169, 0.6214531660079956
Dataset 764
Epoch 170, 0.328237384557724
Dataset 150
Epoch 171, 1.1437822580337524
Dataset 40650
Epoch 172, 0.6924761533737183
Dataset 44658
Epoch 173, 0.39128050208091736
Exception occurred: low >= high on dataset 801. Retrying with a different dataset...
Dataset 984
Epoch 174, 0.28888434171676636
Dataset 900
Epoch 175, 0.6790955662727356
Dataset 446
Epoch 176, 0.662760317325592
Exception occurred: low >= high on dataset 814. Retrying with a different dataset...
Dataset 921
Epoch 177, 0.35379213094711304
Dataset 873
Epoch 178, 0.6718297004699707
Dataset 48
Epoch 179, 1.0564281940460205
Dataset 44718
Epoch 180, 0.8759476542472839
Dataset 45748
Epoch 181, 0.6873403787612915
Dataset 746
Epoch 182, 0.6639254093170166
Dataset 756
Epoch 183, 0.1617399901151657
Dataset 805
Epoch 184, 0.6753186583518982
Dataset 720
Epoch 185, 0.5298929214477539
Dataset 880
Epoch 186, 0.30684933066368103
Dataset 49
Epoch 187, 0.5225721597671509
Dataset 1013
Epoch 188, 0.24132075905799866
Dataset 937
Epoch 189, 0.6682461500167847
Dataset 44673
Epoch 190, 0.5112932324409485
Dataset 810
Epoch 191, 0.6076005101203918
Dataset 1444
Epoch 192, 0.32994213700294495
Dataset 45063
Epoch 193, 0.4540306627750397
Dataset 451
Epoch 194, 0.3607562780380249
Dataset 783
Epoch 195, 0.6423364281654358
Dataset 42172
Epoch 196, 0.38003072142601013
Dataset 746
Epoch 197, 0.6784769296646118
Dataset 776
Epoch 198, 0.6100853681564331
Dataset 44153
Epoch 199, 1.1437886953353882
Dataset 333
Epoch 200, 0.6663766503334045
Dataset 824
Epoch 201, 0.6256403923034668
Exception occurred: low >= high on dataset 895. Retrying with a different dataset...
Exception occurred: No access granted - None on dataset 167. Retrying with a different dataset...
Dataset 41430
Epoch 202, 0.6246904134750366
Dataset 45712
Epoch 203, 0.6853196620941162
Dataset 890
Epoch 204, 0.6006824374198914
Dataset 728
Epoch 205, 0.44324633479118347
Dataset 984
Epoch 206, 0.2976912260055542
Dataset 802
Epoch 207, 0.6200602054595947
Dataset 41538
Epoch 208, 0.3822861909866333
Dataset 1054
Epoch 209, 0.5598189234733582
Dataset 45063
Epoch 210, 0.46106085181236267
Dataset 40706
Epoch 211, 0.6935175657272339
Dataset 41430
Epoch 212, 0.577704906463623
Dataset 868
Epoch 213, 0.7129038572311401
Dataset 285
Epoch 214, 2.081683397293091
Dataset 45686
Epoch 215, 0.6932004690170288
Dataset 1499
Epoch 216, 1.0992896556854248
Dataset 44578
Epoch 217, 1.0986863374710083
Dataset 44548
Epoch 218, 0.6936696171760559
Dataset 831
Epoch 219, 0.6932164430618286
Dataset 450
Epoch 220, 0.6940998435020447
Dataset 55
Epoch 221, 0.6936572194099426
Dataset 907
Epoch 222, 0.6940772533416748
Dataset 42261
Epoch 223, 1.0995705127716064
Dataset 941
Epoch 224, 0.693362832069397
Dataset 41005
Epoch 225, 0.6932209730148315
Dataset 41
Epoch 226, 1.7926034927368164
Dataset 768
Epoch 227, 0.6933700442314148
Dataset 1473
Epoch 228, 0.6939915418624878
Dataset 921
Epoch 229, 0.6942282915115356
Dataset 40
Epoch 230, 0.6931525468826294
Dataset 939
Epoch 231, 0.6935287117958069
Dataset 1045
Epoch 232, 0.6923525333404541
Dataset 829
Epoch 233, 0.6946359276771545
Dataset 41945
Epoch 234, 0.6930570006370544
Dataset 41496
Epoch 235, 0.6935240030288696
Exception occurred: No access granted - None on dataset 165. Retrying with a different dataset...
Dataset 762
Epoch 236, 0.6931853890419006
Dataset 724
Epoch 237, 0.6933885216712952
Dataset 933
Epoch 238, 0.6932189464569092
Dataset 990
Epoch 239, 0.6932274699211121
Dataset 45717
Epoch 240, 0.6931963562965393
Dataset 43
Epoch 241, 0.6932767033576965
Dataset 41156
Epoch 242, 0.6931460499763489
Dataset 124
Epoch 243, 0.6931487917900085
Dataset 41005
Epoch 244, 0.6932001113891602
Dataset 756
Epoch 245, 0.6937264204025269
Dataset 335
Epoch 246, 0.6931374073028564
Dataset 747
Epoch 247, 0.6929959654808044
Dataset 43255
Epoch 248, 0.693185031414032
Dataset 999
Epoch 249, 0.6931220293045044
Dataset 44668
Epoch 250, 1.6094340085983276
Dataset 43949
Epoch 251, 0.693192183971405
Dataset 796
Epoch 252, 0.6934582591056824
Dataset 744
Epoch 253, 0.6936660408973694
Dataset 933
Epoch 254, 0.6932204365730286
Dataset 45059
Epoch 255, 0.6932582259178162
Dataset 724
Epoch 256, 0.6931725740432739
Dataset 1463
Epoch 257, 0.6930674910545349
Dataset 774
Epoch 258, 0.6932272911071777
Dataset 40999
Epoch 259, 0.6931459903717041
Dataset 1115
Epoch 260, 1.099041223526001
Dataset 1465
Epoch 261, 1.7919131517410278
Dataset 42261
Epoch 262, 1.0991517305374146
Dataset 1519
Epoch 263, 1.0991811752319336
Dataset 44423
Epoch 264, 0.6931572556495667
Dataset 1448
Epoch 265, 0.6929119229316711
Dataset 694
Epoch 266, 2.197361946105957
Exception occurred: low >= high on dataset 895. Retrying with a different dataset...
Dataset 736
Epoch 267, 0.6934933066368103
Dataset 806
Epoch 268, 0.6931453943252563
Dataset 336
Epoch 269, 0.6930156946182251
Dataset 333
Epoch 270, 0.6933320164680481
Dataset 1121
Epoch 271, 0.69306880235672
Dataset 744
Epoch 272, 0.6932899951934814
Dataset 44488
Epoch 273, 0.6932889819145203
Dataset 724
Epoch 274, 0.693225622177124
Dataset 827
Epoch 275, 0.693156361579895
Dataset 1054
Epoch 276, 0.6931919455528259
Dataset 1065
Epoch 277, 0.6931359767913818
Dataset 1553
Epoch 278, 1.098699927330017
Dataset 753
Epoch 279, 0.6931935548782349
Exception occurred: low >= high on dataset 679. Retrying with a different dataset...
Dataset 934
Epoch 280, 0.6931381821632385
Exception occurred: low >= high on dataset 801. Retrying with a different dataset...
Dataset 949
Epoch 281, 0.6930504441261292
Dataset 41156
Epoch 282, 0.6931562423706055
Dataset 44548
Epoch 283, 0.6932663321495056
Dataset 40686
Epoch 284, 1.6097990274429321
Dataset 730
Epoch 285, 0.6933226585388184
Dataset 44578
Epoch 286, 1.0986570119857788
Dataset 45604
Epoch 287, 0.6932913064956665
Dataset 749
Epoch 288, 0.6931607127189636
Dataset 931
Epoch 289, 0.6931350231170654
Dataset 736
Epoch 290, 0.6934415102005005
Dataset 995
Epoch 291, 0.6933267712593079
Dataset 41919
Epoch 292, 1.3863186836242676
Dataset 774
Epoch 293, 0.6931686997413635
Exception occurred: low >= high on dataset 679. Retrying with a different dataset...
Dataset 1450
Epoch 294, 0.6934313774108887
Dataset 1490
Epoch 295, 0.6932351589202881
Dataset 1100
Epoch 296, 1.098756194114685
Dataset 808
Epoch 297, 0.6931803226470947
Dataset 45717
Epoch 298, 0.6932052969932556
Dataset 1519
Epoch 299, 1.0984749794006348
Dataset 796
Epoch 300, 0.6926246285438538
Dataset 45063
Epoch 301, 0.6932438015937805
Dataset 865
Epoch 302, 0.37792912125587463
Dataset 936
Epoch 303, 0.6432717442512512
Dataset 43786
Epoch 304, 0.5951197147369385
Dataset 41946
Epoch 305, 0.18725979328155518
Dataset 40677
Epoch 306, 2.1571733951568604
Dataset 452
Epoch 307, 1.6555919647216797
Dataset 1519
Epoch 308, 0.4045119881629944
Dataset 44387
Epoch 309, 0.6300337314605713
Dataset 845
Epoch 310, 0.6333808898925781
Dataset 42585
Epoch 311, 0.4345077574253082
Dataset 335
Epoch 312, 0.549309253692627
Dataset 799
Epoch 313, 0.5984829664230347
Dataset 44377
Epoch 314, 0.6766167283058167
Exception occurred: low >= high on dataset 895. Retrying with a different dataset...
Dataset 1506
Epoch 315, 0.4175364375114441
Dataset 43973
Epoch 316, 0.576836109161377
Dataset 808
Epoch 317, 0.6577801704406738
Dataset 470
Epoch 318, 0.6405243277549744
Dataset 765
Epoch 319, 0.3613472282886505
Dataset 164
Epoch 320, 0.6690397262573242
Dataset 904
Epoch 321, 0.672683835029602
Dataset 932
Epoch 322, 0.6692951917648315
Dataset 765
Epoch 323, 0.36659887433052063
Dataset 1552
Epoch 324, 1.5659213066101074
Dataset 40664
Epoch 325, 0.6634014248847961
Dataset 1013
Epoch 326, 0.25453633069992065
Dataset 896
Epoch 327, 0.6517170071601868
Dataset 839
Epoch 328, 0.42537567019462585
Dataset 826
Epoch 329, 0.672164797782898
Dataset 838
Epoch 330, 0.6351091861724854
Dataset 463
Epoch 331, 0.3564159870147705
Dataset 714
Epoch 332, 0.6728693246841431
Dataset 1065
Epoch 333, 0.2605563998222351
Dataset 44723
Epoch 334, 0.48704826831817627
Dataset 766
Epoch 335, 0.6856037974357605
Dataset 1059
Epoch 336, 0.23087021708488464
Dataset 1523
Epoch 337, 0.6557890772819519
Dataset 44417
Epoch 338, 0.6885029077529907
Dataset 744
Epoch 339, 0.593156099319458
Dataset 837
Epoch 340, 0.6801842451095581
Dataset 43097
Epoch 341, 0.679738461971283
Exception occurred: low >= high on dataset 679. Retrying with a different dataset...
Dataset 1448
Epoch 342, 0.45190736651420593
Dataset 962
Epoch 343, 0.09605063498020172
Dataset 17
Epoch 344, 1.3622061014175415
Dataset 45077
Epoch 345, 0.42662563920021057
Dataset 44096
Epoch 346, 0.6122593283653259
Dataset 42186
Epoch 347, 0.2999102473258972
Dataset 44593
Epoch 348, 0.5450543165206909
Dataset 44382
Epoch 349, 0.39193952083587646
Dataset 43895
Epoch 350, 0.4168993830680847
Dataset 40693
Epoch 351, 0.5355023741722107
Dataset 880
Epoch 352, 0.28147467970848083
Dataset 830
Epoch 353, 0.44683191180229187
Dataset 334
Epoch 354, 0.6455299854278564
Dataset 831
Epoch 355, 0.36727261543273926
Dataset 768
Epoch 356, 0.6800354719161987
Dataset 17
Epoch 357, 1.194567084312439
Dataset 41496
Epoch 358, 0.6953888535499573
Dataset 25
Epoch 359, 0.6937636733055115
Dataset 45717
Epoch 360, 0.6934007406234741
Dataset 748
Epoch 361, 0.6936467289924622
Dataset 44227
Epoch 362, 0.693249523639679
Dataset 45059
Epoch 363, 0.2620769739151001
Dataset 40647
Epoch 364, 0.6932154297828674
Dataset 40710
Epoch 365, 0.6184654235839844
Dataset 460
Epoch 366, 1.230448842048645
Dataset 788
Epoch 367, 0.5782728791236877
Dataset 40647
Epoch 368, 0.6927403807640076
Exception occurred: low >= high on dataset 814. Retrying with a different dataset...
Dataset 451
Epoch 369, 0.40579426288604736
Dataset 877
Epoch 370, 0.6477071046829224
Dataset 757
Epoch 371, 0.2880322337150574
Dataset 830
Epoch 372, 0.4460773169994354
Dataset 1023
Epoch 373, 0.29595303535461426
Dataset 41701
Epoch 374, 1.1605881452560425
Dataset 996
Epoch 375, 0.6058086156845093
Dataset 42186
Epoch 376, 0.27286478877067566
Dataset 44598
Epoch 377, 0.42158761620521545
Dataset 766
Epoch 378, 0.6818644404411316
Dataset 788
Epoch 379, 0.5691206455230713
Dataset 858
Epoch 380, 0.4775789976119995
Dataset 805
Epoch 381, 0.6736922860145569
Dataset 43595
Epoch 382, 0.579106867313385
Dataset 40686
Epoch 383, 1.1181999444961548
Dataset 40681
Epoch 384, 0.6787416934967041
Dataset 912
Epoch 385, 0.5146405100822449
Dataset 44232
Epoch 386, 0.3818816840648651
Dataset 62
Epoch 387, 0.7644602656364441
Dataset 1023
Epoch 388, 0.27278199791908264
Dataset 40681
Epoch 389, 0.6812765002250671
Dataset 747
Epoch 390, 0.3240099251270294
Dataset 44423
Epoch 391, 0.6939835548400879
Dataset 844
Epoch 392, 0.6637504696846008
Dataset 44578
Epoch 393, 0.9476564526557922
Dataset 935
Epoch 394, 0.5999268293380737
Dataset 45063
Epoch 395, 0.44629934430122375
Dataset 43859
Epoch 396, 0.26750579476356506
Dataset 1488
Epoch 397, 0.3163590729236603
Dataset 931
Epoch 398, 0.73746258020401
Dataset 470
Epoch 399, 0.642387330532074
Dataset 724
Epoch 400, 0.617224931716919
Dataset 44548
Epoch 401, 0.21516194939613342
Dataset 40648
Epoch 402, 0.6931160092353821
Dataset 43949
Epoch 403, 0.6867659091949463
Dataset 156
Epoch 404, 1.5006979703903198
Dataset 915
Epoch 405, 0.6789953112602234
Dataset 865
Epoch 406, 0.25542351603507996
Dataset 855
Epoch 407, 0.6313797831535339
Dataset 44723
Epoch 408, 0.48559898138046265
Dataset 40700
Epoch 409, 0.6964545845985413
Dataset 41496
Epoch 410, 0.693205714225769
Dataset 971
Epoch 411, 0.08404792100191116
Dataset 13
Epoch 412, 0.6077978014945984
Dataset 984
Epoch 413, 0.29290059208869934
Dataset 732
Epoch 414, 0.6739988327026367
Dataset 55
Epoch 415, 0.4067693054676056
Dataset 970
Epoch 416, 0.11286812275648117
Dataset 455
Epoch 417, 0.6977171301841736
Dataset 1449
Epoch 418, 0.2936311960220337
Dataset 44362
Epoch 419, 0.6143305897712708
Dataset 40663
Epoch 420, 1.4827635288238525
Dataset 44643
Epoch 421, 0.6224451661109924
Exception occurred: https://www.openml.org/api/v1/xml/data/94 returned code 111: Unknown dataset - None on dataset 94. Retrying with a different dataset...
Dataset 996
Epoch 422, 0.6260513663291931
Dataset 1065
Epoch 423, 0.2527846097946167
Dataset 460
Epoch 424, 1.2176904678344727
Dataset 40700
Epoch 425, 0.6824905872344971
Dataset 124
Epoch 426, 0.4859657287597656
Dataset 841
Epoch 427, 0.4168583154678345
Dataset 1504
Epoch 428, 0.43500980734825134
Dataset 1014
Epoch 429, 0.5080568194389343
Dataset 42544
Epoch 430, 1.5779482126235962
Dataset 991
Epoch 431, 0.4771270751953125
Dataset 925
Epoch 432, 0.2656536400318146
Dataset 850
Epoch 433, 0.6883111596107483
Dataset 1504
Epoch 434, 0.40529945492744446
Dataset 466
Epoch 435, 0.6791395545005798
Dataset 855
Epoch 436, 0.6265599131584167
Dataset 971
Epoch 437, 0.05137920007109642
Dataset 59
Epoch 438, 0.27732959389686584
Exception occurred: high <= 0 on dataset 924. Retrying with a different dataset...
Dataset 900
Epoch 439, 0.6967092752456665
Dataset 796
Epoch 440, 0.1736854910850525
Dataset 446
Epoch 441, 0.5709357857704163
Dataset 953
Epoch 442, 0.5922405123710632
Dataset 44377
Epoch 443, 0.6663708090782166
Dataset 903
Epoch 444, 0.5820477604866028
Dataset 765
Epoch 445, 0.3647679090499878
Dataset 991
Epoch 446, 0.43273216485977173
Dataset 995
Epoch 447, 0.1100342869758606
Dataset 966
Epoch 448, 0.16262169182300568
Dataset 812
Epoch 449, 0.6744354367256165
Dataset 40711
Epoch 450, 1.0616928339004517
Dataset 903
Epoch 451, 0.5671029686927795
Exception occurred: No access granted - None on dataset 165. Retrying with a different dataset...
Dataset 44155
Epoch 452, 0.4174525737762451
Exception occurred: low >= high on dataset 464. Retrying with a different dataset...
Dataset 983
Epoch 453, 0.6484294533729553
Dataset 826
Epoch 454, 0.6740100979804993
Dataset 737
Epoch 455, 0.5962872505187988
Dataset 720
Epoch 456, 0.5176616311073303
Dataset 44155
Epoch 457, 0.40004298090934753
Dataset 1413
Epoch 458, 0.25952041149139404
Dataset 984
Epoch 459, 0.29719626903533936
Dataset 753
Epoch 460, 0.6861725449562073
Dataset 44628
Epoch 461, 0.35200628638267517
Dataset 44155
Epoch 462, 0.4053417146205902
Dataset 931
Epoch 463, 0.7095755934715271
Dataset 715
Epoch 464, 0.6932690739631653
WARNING:openml.datasets.functions:Could not download file from https://openml1.win.tue.nl/datasets/0004/43149/dataset_43149.pq: Object at 'https://openml1.win.tue.nl/datasets/0004/43149/dataset_43149.pq' does not exist.
WARNING:openml.datasets.functions:Failed to download parquet, fallback on ARFF.
Exception occurred: Unsupported escape sequence: \w on dataset 43149. Retrying with a different dataset...
Dataset 40682
Epoch 465, 0.3855939507484436
Dataset 51
Epoch 466, 0.41063034534454346
Dataset 45557
Epoch 467, 0.5324984788894653
Dataset 41945
Epoch 468, 0.522617757320404
Dataset 876
Epoch 469, 0.6759205460548401
Dataset 726
Epoch 470, 0.5478731989860535
Dataset 285
Epoch 471, 1.6963527202606201
Dataset 871
Epoch 472, 0.6948665380477905
Dataset 13
Epoch 473, 0.558037519454956
Dataset 44392
Epoch 474, 0.45423465967178345
Dataset 769
Epoch 475, 0.6723466515541077
Dataset 925
Epoch 476, 0.32543879747390747
Dataset 1066
Epoch 477, 0.47597190737724304
Dataset 44628
Epoch 478, 0.3490327298641205
Dataset 799
Epoch 479, 0.590998113155365
Dataset 40700
Epoch 480, 0.6697579622268677
Dataset 44768
Epoch 481, 0.7709766030311584
Dataset 1048
Epoch 482, 0.6622405648231506
Dataset 41976
Epoch 483, 0.5977511405944824
Dataset 879
Epoch 484, 0.5866748094558716
Dataset 473
Epoch 485, 1.3844722509384155
Dataset 921
Epoch 486, 0.40106916427612305
Dataset 879
Epoch 487, 0.5480113625526428
Dataset 1413
Epoch 488, 0.22927221655845642
Dataset 1520
Epoch 489, 0.7934355735778809
Dataset 849
Epoch 490, 0.6848288774490356
Dataset 444
Epoch 491, 0.6843137145042419
Dataset 4329
Epoch 492, 0.4082433879375458
Dataset 971
Epoch 493, 0.07079733908176422
Dataset 799
Epoch 494, 0.6079307198524475
Dataset 44768
Epoch 495, 0.7797670364379883
Dataset 746
Epoch 496, 0.6621437072753906
Dataset 44377
Epoch 497, 0.6647309064865112
Dataset 44097
Epoch 498, 0.6091635227203369
WARNING:openml.datasets.functions:Could not download file from https://openml1.win.tue.nl/datasets/0004/43149/dataset_43149.pq: Object at 'https://openml1.win.tue.nl/datasets/0004/43149/dataset_43149.pq' does not exist.
WARNING:openml.datasets.functions:Failed to download parquet, fallback on ARFF.
Exception occurred: Unsupported escape sequence: \w on dataset 43149. Retrying with a different dataset...
Dataset 1061
Epoch 499, 0.3463137149810791
Dataset 187
Epoch 500, 0.3910858929157257
Exception occurred: Number of requested targets 6 is not implemented. on dataset 40589. Retrying with a different dataset...
Dataset 1466
Epoch 501, 0.9677481055259705
Dataset 44528
Epoch 502, 0.6856692433357239
Dataset 865
Epoch 503, 0.2572324275970459
Dataset 1020
Epoch 504, 0.2263677567243576
Dataset 45557
Epoch 505, 0.5451487898826599
Dataset 825
Epoch 506, 0.38380634784698486
Dataset 1453
Epoch 507, 0.3161911368370056
Dataset 840
Epoch 508, 0.27980566024780273
Dataset 912
Epoch 509, 0.512779712677002
Dataset 45686
Epoch 510, 0.6215844750404358
Dataset 832
Epoch 511, 0.6540856957435608
Dataset 747
Epoch 512, 0.24695979058742523
Dataset 824
Epoch 513, 0.6304650902748108
Dataset 44227
Epoch 514, 0.6447077393531799
Dataset 907
Epoch 515, 0.6990061402320862
Dataset 776
Epoch 516, 0.6222394704818726
Dataset 912
Epoch 517, 0.4800306260585785
Dataset 878
Epoch 518, 0.5077955722808838
Dataset 156
Epoch 519, 1.4597196578979492
Dataset 40706
Epoch 520, 0.6934778690338135
Dataset 44153
Epoch 521, 1.0278061628341675
Exception occurred: high <= 0 on dataset 924. Retrying with a different dataset...
Dataset 740
Epoch 522, 0.5337710976600647
Dataset 926
Epoch 523, 0.6096441149711609
Dataset 962
Epoch 524, 0.08397536724805832
Dataset 45557
Epoch 525, 0.5543225407600403
Dataset 853
Epoch 526, 0.44078829884529114
Dataset 44098
Epoch 527, 0.5759574174880981
Dataset 1071
Epoch 528, 0.2241944521665573
Dataset 473
Epoch 529, 1.1880311965942383
Dataset 869
Epoch 530, 0.6887328028678894
Dataset 45686
Epoch 531, 0.6228011250495911
Dataset 43255
Epoch 532, 0.6852511167526245
Dataset 802
Epoch 533, 0.612796425819397
Dataset 813
Epoch 534, 0.49758362770080566
Dataset 747
Epoch 535, 0.23877352476119995
Dataset 450
Epoch 536, 0.1842847466468811
Dataset 880
Epoch 537, 0.26991578936576843
Dataset 845
Epoch 538, 0.5488190054893494
Dataset 1045
Epoch 539, 0.1217014268040657
Dataset 44668
Epoch 540, 1.3656206130981445
Dataset 62
Epoch 541, 0.6250378489494324
Dataset 732
Epoch 542, 0.6775769591331482
WARNING:openml.datasets.functions:Could not download file from https://openml1.win.tue.nl/datasets/0004/45939/dataset_45939.pq: Object at 'https://openml1.win.tue.nl/datasets/0004/45939/dataset_45939.pq' does not exist.
WARNING:openml.datasets.functions:Failed to download parquet, fallback on ARFF.
Dataset 45939
Epoch 543, 0.3703395426273346
Dataset 1071
Epoch 544, 0.22903409600257874
Dataset 716
Epoch 545, 0.6667307615280151
Dataset 888
Epoch 546, 0.6839413642883301
Exception occurred: low >= high on dataset 464. Retrying with a different dataset...
Dataset 45039
Epoch 547, 0.6517239809036255
Dataset 906
Epoch 548, 0.696147084236145
Dataset 694
Epoch 549, 1.0973737239837646
Dataset 746
Epoch 550, 0.6651467084884644
Dataset 1073
Epoch 551, 0.5777506828308105
Dataset 1045
Epoch 552, 0.11004447191953659
Dataset 750
Epoch 553, 0.693768322467804
Dataset 997
Epoch 554, 0.6381710171699524
Dataset 1520
Epoch 555, 0.9871125221252441
Dataset 1504
Epoch 556, 0.493205726146698
Dataset 45686
Epoch 557, 0.6156508326530457
Dataset 44453
Epoch 558, 0.6868451237678528
Dataset 45686
Epoch 559, 0.5751264095306396
Dataset 794
Epoch 560, 0.6220034956932068
Dataset 717
Epoch 561, 0.38295111060142517
Dataset 40686
Epoch 562, 1.0151739120483398
Dataset 44548
Epoch 563, 0.1895136684179306
Dataset 44773
Epoch 564, 0.3733091652393341
Dataset 44428
Epoch 565, 0.6421624422073364
Dataset 889
Epoch 566, 0.6755741238594055
Dataset 888
Epoch 567, 0.6841034889221191
Dataset 1003
Epoch 568, 0.4115637540817261
Dataset 772
Epoch 569, 0.6891708374023438
Dataset 78
Epoch 570, 2.075390577316284
Dataset 720
Epoch 571, 0.5339573621749878
Dataset 448
Epoch 572, 0.6238844990730286
Dataset 1441
Epoch 573, 0.28974616527557373
Dataset 939
Epoch 574, 0.3166579008102417
Exception occurred: low >= high on dataset 860. Retrying with a different dataset...
Dataset 730
Epoch 575, 0.6056824326515198
Dataset 45545
Epoch 576, 0.48358070850372314
Exception occurred: No access granted - None on dataset 167. Retrying with a different dataset...
Dataset 808
Epoch 577, 0.6213357448577881
Dataset 990
Epoch 578, 0.5246750116348267
Dataset 1554
Epoch 579, 1.4840739965438843
Dataset 53
Epoch 580, 0.4369468092918396
Dataset 1037
Epoch 581, 0.4249086081981659
Dataset 792
Epoch 582, 0.4987916648387909
Dataset 1555
Epoch 583, 2.0200436115264893
Dataset 44151
Epoch 584, 0.2827432453632355
Dataset 44663
Epoch 585, 1.5511430501937866
Dataset 933
Epoch 586, 0.6171221733093262
Dataset 889
Epoch 587, 0.6420252919197083
Dataset 792
Epoch 588, 0.4684046506881714
Dataset 44097
Epoch 589, 0.586757481098175
Dataset 806
Epoch 590, 0.6685880422592163
Dataset 164
Epoch 591, 0.590434193611145
Dataset 852
Epoch 592, 0.5035935044288635
Dataset 907
Epoch 593, 0.6940226554870605
Dataset 763
Epoch 594, 0.6388311386108398
Dataset 40705
Epoch 595, 0.24483317136764526
Dataset 778
Epoch 596, 0.28336426615715027
Dataset 991
Epoch 597, 0.480895459651947
Exception occurred: low >= high on dataset 814. Retrying with a different dataset...
Dataset 40648
Epoch 598, 0.6926802396774292
Dataset 1450
Epoch 599, 0.5685372948646545
Dataset 912
Epoch 600, 0.48023295402526855
Dataset 41538
Epoch 601, 0.3734756112098694
Dataset 738
Epoch 602, 0.48864004015922546
Dataset 40710
Epoch 603, 0.41775205731391907
Dataset 463
Epoch 604, 0.3585020899772644
Dataset 737
Epoch 605, 0.6003392934799194
Dataset 44663
Epoch 606, 1.526953101158142
Dataset 44232
Epoch 607, 0.3642629086971283
Dataset 917
Epoch 608, 0.644173800945282
Dataset 1100
Epoch 609, 1.0087062120437622
Dataset 863
Epoch 610, 0.5486395955085754
Dataset 1555
Epoch 611, 2.0158653259277344
Dataset 931
Epoch 612, 0.6950410008430481
Dataset 40997
Epoch 613, 0.4539251923561096
Dataset 751
Epoch 614, 0.48029714822769165
Dataset 921
Epoch 615, 0.3462638556957245
Dataset 44227
Epoch 616, 0.6134377717971802
Dataset 995
Epoch 617, 0.08740760385990143
Dataset 44708
Epoch 618, 0.22297818958759308
Dataset 1553
Epoch 619, 1.0916125774383545
Dataset 460
Epoch 620, 1.2104449272155762
Dataset 40646
Epoch 621, 0.6928359270095825
Dataset 40669
Epoch 622, 0.4012752175331116
Dataset 40981
Epoch 623, 0.3982464075088501
Dataset 473
Epoch 624, 1.3139140605926514
Dataset 906
Epoch 625, 0.7369105219841003
Dataset 906
Epoch 626, 0.6915114521980286
Dataset 463
Epoch 627, 0.3444543778896332
Dataset 187
Epoch 628, 0.34957823157310486
Dataset 40706
Epoch 629, 0.6930282711982727
Dataset 1442
Epoch 630, 0.28912296891212463
Dataset 968
Epoch 631, 0.3583180010318756
Dataset 1059
Epoch 632, 0.20571017265319824
Dataset 771
Epoch 633, 0.6203893423080444
Dataset 42532
Epoch 634, 1.9435023069381714
Dataset 44232
Epoch 635, 0.3691163957118988
Dataset 1449
Epoch 636, 0.2713453471660614
Dataset 44703
Epoch 637, 0.847967803478241
Dataset 153
Epoch 638, 0.5345179438591003
Dataset 44382
Epoch 639, 0.34551724791526794
Dataset 1549
Epoch 640, 1.9976898431777954
WARNING:openml.datasets.functions:Could not download file from https://openml1.win.tue.nl/datasets/0004/46174/dataset_46174.pq: Object at 'https://openml1.win.tue.nl/datasets/0004/46174/dataset_46174.pq' does not exist.
WARNING:openml.datasets.functions:Failed to download parquet, fallback on ARFF.
Dataset 46174
Epoch 641, 0.96579909324646
Dataset 1551
Epoch 642, 1.897770881652832
Dataset 156
Epoch 643, 1.416581630706787
Dataset 41701
Epoch 644, 1.1021554470062256
Dataset 812
Epoch 645, 0.6570715308189392
Dataset 943
Epoch 646, 0.6009493470191956
Dataset 62
Epoch 647, 0.6153831481933594
Dataset 44768
Epoch 648, 0.7664284706115723
Dataset 756
Epoch 649, 0.10132835805416107
Dataset 41430
Epoch 650, 0.5196995139122009
Dataset 771
Epoch 651, 0.6408669948577881
Dataset 40649
Epoch 652, 0.6901301741600037
Dataset 42186
Epoch 653, 0.24277238547801971
Dataset 40669
Epoch 654, 0.42183148860931396
Dataset 766
Epoch 655, 0.6839339137077332
Dataset 763
Epoch 656, 0.6132544875144958
Dataset 778
Epoch 657, 0.22280308604240417
Dataset 934
Epoch 658, 0.3200240135192871
Dataset 1520
Epoch 659, 0.7118062376976013
Dataset 43786
Epoch 660, 0.501470148563385
Dataset 40705
Epoch 661, 0.22535774111747742
Dataset 455
Epoch 662, 0.675171971321106
Exception occurred: low >= high on dataset 464. Retrying with a different dataset...
Exception occurred: low >= high on dataset 801. Retrying with a different dataset...
Dataset 869
Epoch 663, 0.5063709616661072
Dataset 1451
Epoch 664, 0.24186713993549347
Dataset 767
Epoch 665, 0.36247187852859497
Dataset 765
Epoch 666, 0.3496882915496826
Dataset 1558
Epoch 667, 0.3344435691833496
Dataset 768
Epoch 668, 0.6316749453544617
Dataset 820
Epoch 669, 0.26272937655448914
Dataset 44593
Epoch 670, 0.5092416405677795
Dataset 40706
Epoch 671, 0.6932370662689209
Dataset 1100
Epoch 672, 1.006377935409546
Dataset 1511
Epoch 673, 0.2834347188472748
Dataset 793
Epoch 674, 0.5437747240066528
Dataset 43595
Epoch 675, 0.5990221500396729
Dataset 36
Epoch 676, 0.7854070663452148
Dataset 850
Epoch 677, 0.6823538541793823
Dataset 44663
Epoch 678, 1.5161256790161133
Dataset 1014
Epoch 679, 0.5205362439155579
Dataset 42544
Epoch 680, 1.4909708499908447
Dataset 329
Epoch 681, 0.8167786002159119
Dataset 17
Epoch 682, 1.2894952297210693
Dataset 884
Epoch 683, 0.6045517325401306
Dataset 744
Epoch 684, 0.5002179145812988
Dataset 908
Epoch 685, 0.6982764601707458
Dataset 934
Epoch 686, 0.297406941652298
Dataset 44658
Epoch 687, 0.3682326078414917
Dataset 757
Epoch 688, 0.2945477068424225
Dataset 44538
Epoch 689, 0.6926332712173462
Dataset 1447
Epoch 690, 0.35128408670425415
Dataset 935
Epoch 691, 0.485256552696228
Dataset 779
Epoch 692, 0.5196852684020996
Dataset 43
Epoch 693, 0.5687398910522461
Exception occurred: low >= high on dataset 782. Retrying with a different dataset...
Dataset 983
Epoch 694, 0.6551869511604309
Dataset 44453
Epoch 695, 0.6743395924568176
Dataset 808
Epoch 696, 0.5572118759155273
Dataset 876
Epoch 697, 0.6727115511894226
Dataset 908
Epoch 698, 0.6933249831199646
Dataset 1512
Epoch 699, 1.4800975322723389
Dataset 726
Epoch 700, 0.5974480509757996
Dataset 55
Epoch 701, 0.3627261817455292
Dataset 774
Epoch 702, 0.705714762210846
Dataset 765
Epoch 703, 0.3453860878944397
Dataset 1450
Epoch 704, 0.5332344174385071
Dataset 455
Epoch 705, 0.6812334060668945
Dataset 1121
Epoch 706, 0.17540092766284943
Dataset 43
Epoch 707, 0.5658067464828491
Dataset 56
Epoch 708, 0.28128722310066223
Dataset 45686
Epoch 709, 0.5985961556434631
Dataset 1061
Epoch 710, 0.339258074760437
Exception occurred: https://www.openml.org/api/v1/xml/data/94 returned code 111: Unknown dataset - None on dataset 94. Retrying with a different dataset...
Dataset 42530
Epoch 711, 1.7006441354751587
Dataset 41919
Epoch 712, 1.1620793342590332
Dataset 333
Epoch 713, 0.6741154789924622
Dataset 853
Epoch 714, 0.3957245349884033
Dataset 40646
Epoch 715, 0.6932214498519897
Dataset 999
Epoch 716, 0.5172223448753357
Dataset 855
Epoch 717, 0.4852663576602936
Dataset 44227
Epoch 718, 0.6389679908752441
Dataset 1054
Epoch 719, 0.5164241194725037
Dataset 1444
Epoch 720, 0.3242783546447754
Dataset 852
Epoch 721, 0.5052725076675415
Dataset 44458
Epoch 722, 0.664058268070221
Dataset 43255
Epoch 723, 0.6845532059669495
Dataset 850
Epoch 724, 0.6868539452552795
Exception occurred: low >= high on dataset 782. Retrying with a different dataset...
Dataset 49
Epoch 725, 0.5081852674484253
Dataset 337
Epoch 726, 0.3944210112094879
Dataset 1048
Epoch 727, 0.633236289024353
Dataset 43148
Epoch 728, 1.0886399745941162
Dataset 906
Epoch 729, 0.6923428773880005
Dataset 876
Epoch 730, 0.672597348690033
Dataset 714
Epoch 731, 0.6601191759109497
Dataset 42882
Epoch 732, 0.39302724599838257
Dataset 44463
Epoch 733, 0.6559718251228333
Dataset 850
Epoch 734, 0.6922624707221985
Dataset 1061
Epoch 735, 0.3317646086215973
Dataset 42261
Epoch 736, 0.2815468907356262
Dataset 724
Epoch 737, 0.6907778382301331
Dataset 44628
Epoch 738, 0.3553864359855652
Dataset 808
Epoch 739, 0.564882755279541
Dataset 40981
Epoch 740, 0.4238796830177307
Dataset 455
Epoch 741, 0.6491723656654358
Dataset 1064
Epoch 742, 0.3303816020488739
Dataset 59
Epoch 743, 0.25088900327682495
Dataset 1450
Epoch 744, 0.5063713192939758
Dataset 1558
Epoch 745, 0.32585370540618896
Dataset 793
Epoch 746, 0.6047043800354004
Dataset 41945
Epoch 747, 0.5391323566436768
Dataset 44397
Epoch 748, 0.6065870523452759
Dataset 41919
Epoch 749, 1.1016459465026855
Dataset 41701
Epoch 750, 1.0640851259231567
Dataset 769
Epoch 751, 0.6791982054710388
Dataset 868
Epoch 752, 0.6282833814620972
Dataset 720
Epoch 753, 0.5210898518562317
Dataset 1495
Epoch 754, 0.2146822065114975
Dataset 40663
Epoch 755, 1.4608811140060425
Dataset 42585
Epoch 756, 0.3568685054779053
Dataset 44628
Epoch 757, 0.3627557158470154
Dataset 43893
Epoch 758, 0.3839750587940216
Dataset 40669
Epoch 759, 0.38514479994773865
Dataset 858
Epoch 760, 0.4168398082256317
Dataset 855
Epoch 761, 0.5487427711486816
Dataset 45059
Epoch 762, 0.24309295415878296
Dataset 795
Epoch 763, 0.7083886861801147
Dataset 44372
Epoch 764, 0.615665853023529
Dataset 1490
Epoch 765, 0.6016995906829834
Dataset 44154
Epoch 766, 0.32409095764160156
Dataset 1059
Epoch 767, 0.1869766265153885
Dataset 1003
Epoch 768, 0.46986255049705505
Dataset 4329
Epoch 769, 0.41466233134269714
Dataset 59
Epoch 770, 0.20858152210712433
Dataset 1443
Epoch 771, 0.2325633466243744
Dataset 805
Epoch 772, 0.6875422596931458
Dataset 762
Epoch 773, 0.5948497653007507
Dataset 1451
Epoch 774, 0.2251342236995697
Dataset 44663
Epoch 775, 1.5151489973068237
Dataset 813
Epoch 776, 0.4969300627708435
Dataset 44453
Epoch 777, 0.6859872937202454
Dataset 48
Epoch 778, 1.0359442234039307
Dataset 786
Epoch 779, 0.43858200311660767
Dataset 940
Epoch 780, 0.3881891369819641
Dataset 40981
Epoch 781, 0.4139389991760254
Dataset 61
Epoch 782, 0.21981433033943176
Dataset 933
Epoch 783, 0.6688500046730042
Dataset 889
Epoch 784, 0.6686734557151794
Dataset 329
Epoch 785, 0.8302630186080933
Dataset 994
Epoch 786, 0.38035690784454346
Dataset 995
Epoch 787, 0.08670216798782349
Exception occurred: low >= high on dataset 814. Retrying with a different dataset...
Dataset 766
Epoch 788, 0.6801747679710388
Dataset 875
Epoch 789, 0.5067193508148193
Dataset 40711
Epoch 790, 1.0651748180389404
Dataset 720
Epoch 791, 0.5168275237083435
Dataset 936
Epoch 792, 0.5542240142822266
Dataset 778
Epoch 793, 0.3132999837398529
Dataset 1450
Epoch 794, 0.5234078168869019
Dataset 44763
Epoch 795, 0.4533320665359497
Dataset 45039
Epoch 796, 0.6827530264854431
Dataset 460
Epoch 797, 1.2054640054702759
Dataset 44417
Epoch 798, 0.6908054947853088
Dataset 23499
Epoch 799, 0.5619507431983948
Dataset 44593
Epoch 800, 0.5038475394248962
Dataset 1013
Epoch 801, 0.24149684607982635
Dataset 1450
Epoch 802, 0.46421530842781067
Dataset 42172
Epoch 803, 0.3311748206615448
Dataset 941
Epoch 804, 0.5533665418624878
Dataset 44392
Epoch 805, 0.4442136585712433
WARNING:openml.datasets.functions:Could not download file from https://openml1.win.tue.nl/datasets/0004/43149/dataset_43149.pq: Object at 'https://openml1.win.tue.nl/datasets/0004/43149/dataset_43149.pq' does not exist.
WARNING:openml.datasets.functions:Failed to download parquet, fallback on ARFF.
Exception occurred: Unsupported escape sequence: \w on dataset 43149. Retrying with a different dataset...
Dataset 1075
Epoch 806, 0.2539670765399933
Dataset 25
Epoch 807, 0.5683780908584595
Dataset 767
Epoch 808, 0.3627403676509857
Dataset 997
Epoch 809, 0.5214259028434753
Dataset 1511
Epoch 810, 0.2863045930862427
Dataset 991
Epoch 811, 0.42667722702026367
Dataset 40711
Epoch 812, 1.0535238981246948
Dataset 44628
Epoch 813, 0.3533850610256195
Dataset 714
Epoch 814, 0.6761994361877441
Dataset 772
Epoch 815, 0.6872010231018066
Dataset 1066
Epoch 816, 0.43128764629364014
Dataset 41004
Epoch 817, 0.4985424280166626
Dataset 43255
Epoch 818, 0.6894879341125488
Dataset 716
Epoch 819, 0.6552124619483948
Dataset 43949
Epoch 820, 0.6862571835517883
Dataset 36
Epoch 821, 0.7652915120124817
Dataset 944
Epoch 822, 0.5274869799613953
Dataset 1455
Epoch 823, 0.14747768640518188
Exception occurred: low >= high on dataset 464. Retrying with a different dataset...
Dataset 40997
Epoch 824, 0.3776119649410248
Dataset 17
Epoch 825, 1.2088629007339478
Dataset 921
Epoch 826, 0.33946898579597473
Dataset 995
Epoch 827, 0.07522688806056976
Dataset 42638
Epoch 828, 0.5177507996559143
Dataset 44362
Epoch 829, 0.5753880143165588
Dataset 473
Epoch 830, 1.1862627267837524
Dataset 36
Epoch 831, 0.5961476564407349
Dataset 779
Epoch 832, 0.5719488859176636
Dataset 44397
Epoch 833, 0.5759026408195496
Dataset 1054
Epoch 834, 0.4605979919433594
Dataset 44673
Epoch 835, 0.36266234517097473
Dataset 1003
Epoch 836, 0.43039777874946594
Dataset 44663
Epoch 837, 1.478882074356079
Dataset 953
Epoch 838, 0.556372880935669
Dataset 953
Epoch 839, 0.5239532589912415
Dataset 42638
Epoch 840, 0.49601081013679504
Dataset 49
Epoch 841, 0.4310942590236664
Dataset 996
Epoch 842, 0.5704635381698608
Dataset 793
Epoch 843, 0.5756492018699646
Dataset 45557
Epoch 844, 0.5429105758666992
Dataset 41946
Epoch 845, 0.20363250374794006
Dataset 55
Epoch 846, 0.3514896631240845
Dataset 45557
Epoch 847, 0.5294356346130371
Dataset 792
Epoch 848, 0.4946368932723999
Dataset 824
Epoch 849, 0.49483180046081543
Dataset 784
Epoch 850, 0.6520169973373413
Dataset 44773
Epoch 851, 0.37088796496391296
Dataset 850
Epoch 852, 0.6724053621292114
Dataset 808
Epoch 853, 0.6206969022750854
Dataset 59
Epoch 854, 0.20558086037635803
Dataset 767
Epoch 855, 0.34030988812446594
Dataset 831
Epoch 856, 0.3448890745639801
Dataset 1003
Epoch 857, 0.42177581787109375
Dataset 41946
Epoch 858, 0.18784549832344055
Dataset 44643
Epoch 859, 0.6325438618659973
Dataset 944
Epoch 860, 0.49767929315567017
Dataset 878
Epoch 861, 0.5497847199440002
Dataset 737
Epoch 862, 0.5818831324577332
Dataset 784
Epoch 863, 0.6389999389648438
Dataset 43921
Epoch 864, 0.6795696020126343
Dataset 889
Epoch 865, 0.6762820482254028
Dataset 4153
Epoch 866, 0.5176504850387573
Dataset 1512
Epoch 867, 1.4996520280838013
Dataset 910
Epoch 868, 0.5018746852874756
Exception occurred: low >= high on dataset 895. Retrying with a different dataset...
Dataset 44382
Epoch 869, 0.35912975668907166
Dataset 41976
Epoch 870, 0.618226170539856
Dataset 45613
Epoch 871, 0.29949721693992615
Dataset 1413
Epoch 872, 0.22499455511569977
Dataset 42768
Epoch 873, 1.9186131954193115
Dataset 778
Epoch 874, 0.325065940618515
Dataset 157
Epoch 875, 1.5273916721343994
Dataset 42186
Epoch 876, 0.21970166265964508
Dataset 751
Epoch 877, 0.560797393321991
Dataset 820
Epoch 878, 0.27132830023765564
Dataset 908
Epoch 879, 0.7049385905265808
Dataset 44763
Epoch 880, 0.45775383710861206
Dataset 878
Epoch 881, 0.6224387288093567
Dataset 870
Epoch 882, 0.5133846998214722
Dataset 338
Epoch 883, 1.248462200164795
Dataset 44377
Epoch 884, 0.6425451040267944
Dataset 44412
Epoch 885, 0.4978547692298889
Dataset 832
Epoch 886, 0.5018823146820068
Dataset 773
Epoch 887, 0.6032238006591797
Dataset 794
Epoch 888, 0.42990580201148987
Dataset 885
Epoch 889, 0.25859546661376953
Dataset 794
Epoch 890, 0.38620033860206604
Dataset 44463
Epoch 891, 0.6529203653335571
WARNING:openml.datasets.functions:Could not download file from https://openml1.win.tue.nl/datasets/0004/43147/dataset_43147.pq: Object at 'https://openml1.win.tue.nl/datasets/0004/43147/dataset_43147.pq' does not exist.
WARNING:openml.datasets.functions:Failed to download parquet, fallback on ARFF.
Exception occurred: Unsupported escape sequence: \w on dataset 43147. Retrying with a different dataset...
Exception occurred: low >= high on dataset 860. Retrying with a different dataset...
Dataset 1455
Epoch 892, 0.23167049884796143
Dataset 40646
Epoch 893, 0.6935898661613464
Dataset 1013
Epoch 894, 0.24332424998283386
Dataset 1549
Epoch 895, 2.003702163696289
Dataset 44155
Epoch 896, 0.45212748646736145
Dataset 44703
Epoch 897, 0.8330941796302795
Dataset 786
Epoch 898, 0.45835286378860474
Dataset 150
Epoch 899, 1.120435357093811
Dataset 750
Epoch 900, 0.6987683773040771
Dataset 756
Epoch 901, 0.18217839300632477
Dataset 764
Epoch 902, 0.34836339950561523
Dataset 1453
Epoch 903, 0.34045717120170593
Exception occurred: low >= high on dataset 860. Retrying with a different dataset...
Dataset 944
Epoch 904, 0.5012572407722473
Dataset 931
Epoch 905, 0.6939777135848999
Dataset 866
Epoch 906, 0.6016071438789368
Dataset 43859
Epoch 907, 0.21437358856201172
Dataset 889
Epoch 908, 0.6785659193992615
Dataset 1523
Epoch 909, 0.6118286848068237
Dataset 858
Epoch 910, 0.450330913066864
Dataset 943
Epoch 911, 0.541348397731781
Dataset 444
Epoch 912, 0.6907614469528198
Dataset 41005
Epoch 913, 0.5315572023391724
Dataset 721
Epoch 914, 0.541156530380249
Dataset 41976
Epoch 915, 0.59065842628479
Dataset 44678
Epoch 916, 0.5454360842704773
Dataset 45077
Epoch 917, 0.4069622755050659
Dataset 940
Epoch 918, 0.40548059344291687
Dataset 745
Epoch 919, 0.15793490409851074
Dataset 772
Epoch 920, 0.7176034450531006
Dataset 40690
Epoch 921, 0.5666393041610718
Dataset 187
Epoch 922, 0.17035585641860962
Dataset 827
Epoch 923, 0.6954314112663269
Dataset 906
Epoch 924, 0.6927390694618225
Dataset 1442
Epoch 925, 0.2821035087108612
Dataset 826
Epoch 926, 0.6728297472000122
Dataset 40693
Epoch 927, 0.5003094673156738
Dataset 776
Epoch 928, 0.6155692338943481
Dataset 799
Epoch 929, 0.5985167622566223
Dataset 750
Epoch 930, 0.6927529573440552
Dataset 754
Epoch 931, 0.5718699097633362
Dataset 888
Epoch 932, 0.6819930076599121
Dataset 44668
Epoch 933, 1.3410236835479736
Dataset 789
Epoch 934, 0.5664219260215759
Dataset 1504
Epoch 935, 0.3954746723175049
Dataset 45686
Epoch 936, 0.6211419701576233
Dataset 813
Epoch 937, 0.5080750584602356
Dataset 908
Epoch 938, 0.6933197975158691
Dataset 44382
Epoch 939, 0.3377438187599182
Dataset 845
Epoch 940, 0.6377868056297302
Dataset 44608
Epoch 941, 0.31779128313064575
Dataset 187
Epoch 942, 0.23556073009967804
Dataset 870
Epoch 943, 0.5650961399078369
Dataset 40704
Epoch 944, 0.5907686352729797
Dataset 1020
Epoch 945, 0.24883130192756653
Dataset 44703
Epoch 946, 0.8374407887458801
Dataset 455
Epoch 947, 0.6624318361282349
Dataset 1100
Epoch 948, 0.9895986914634705
Dataset 43097
Epoch 949, 0.6423211097717285
Dataset 886
Epoch 950, 0.6895840764045715
Dataset 41
Epoch 951, 1.1374485492706299
Dataset 1466
Epoch 952, 0.5120071172714233
Dataset 906
Epoch 953, 0.6949171423912048
Dataset 1066
Epoch 954, 0.41939911246299744
Dataset 1451
Epoch 955, 0.2534253001213074
Dataset 327
Epoch 956, 1.1311434507369995
Dataset 45557
Epoch 957, 0.5540459752082825
Dataset 334
Epoch 958, 0.6458256840705872
Dataset 41000
Epoch 959, 0.6111009120941162
Dataset 994
Epoch 960, 0.24667473137378693
Dataset 994
Epoch 961, 0.1295764148235321
Dataset 970
Epoch 962, 0.06824840605258942
Dataset 763
Epoch 963, 0.6501940488815308
Dataset 839
Epoch 964, 0.4490782916545868
Dataset 44154
Epoch 965, 0.208307147026062
Dataset 41000
Epoch 966, 0.542914867401123
Exception occurred: low >= high on dataset 782. Retrying with a different dataset...
Dataset 1552
Epoch 967, 1.5527384281158447
Dataset 41
Epoch 968, 1.1169613599777222
Dataset 838
Epoch 969, 0.532720685005188
Dataset 768
Epoch 970, 0.508549690246582
WARNING:openml.datasets.functions:Could not download file from https://openml1.win.tue.nl/datasets/0004/46174/dataset_46174.pq: Object at 'https://openml1.win.tue.nl/datasets/0004/46174/dataset_46174.pq' does not exist.
WARNING:openml.datasets.functions:Failed to download parquet, fallback on ARFF.
Dataset 46174
Epoch 971, 0.9451721906661987
Dataset 45711
Epoch 972, 0.6401262879371643
Dataset 744
Epoch 973, 0.5009915232658386
Dataset 694
Epoch 974, 0.6928883194923401
Dataset 789
Epoch 975, 0.5452439785003662
Dataset 889
Epoch 976, 0.6746379137039185
Dataset 45063
Epoch 977, 0.4066564440727234
Dataset 44703
Epoch 978, 0.8446890711784363
Dataset 962
Epoch 979, 0.07579877227544785
Exception occurred: No access granted - None on dataset 167. Retrying with a different dataset...
Dataset 43893
Epoch 980, 0.37573519349098206
Dataset 1054
Epoch 981, 0.5525596141815186
Dataset 771
Epoch 982, 0.5927260518074036
Exception occurred: Number of requested targets 6 is not implemented. on dataset 40589. Retrying with a different dataset...
Dataset 871
Epoch 983, 0.6947852373123169
Dataset 43921
Epoch 984, 0.6741076707839966
Dataset 377
Epoch 985, 0.18141460418701172
Dataset 40682
Epoch 986, 0.35276007652282715
Dataset 1413
Epoch 987, 0.22464804351329803
Dataset 751
Epoch 988, 0.5604147911071777
Dataset 920
Epoch 989, 0.430118203163147
Dataset 1446
Epoch 990, 0.34713032841682434
Dataset 830
Epoch 991, 0.32063955068588257
Dataset 1500
Epoch 992, 0.2490326166152954
Exception occurred: low >= high on dataset 782. Retrying with a different dataset...
Dataset 44628
Epoch 993, 0.3535051643848419
Dataset 990
Epoch 994, 0.5086333155632019
Dataset 849
Epoch 995, 0.636147677898407
Dataset 25
Epoch 996, 0.49122023582458496
Dataset 738
Epoch 997, 0.5104520320892334
Dataset 1547
Epoch 998, 0.5607426762580872
WARNING:openml.datasets.functions:Could not download file from https://openml1.win.tue.nl/datasets/0004/45939/dataset_45939.pq: Object at 'https://openml1.win.tue.nl/datasets/0004/45939/dataset_45939.pq' does not exist.
WARNING:openml.datasets.functions:Failed to download parquet, fallback on ARFF.
Dataset 45939
Epoch 999, 0.3116503357887268
Dataset 868
Epoch 1000, 0.5463916659355164
Dataset 797
Epoch 1001, 0.44855937361717224
Dataset 43148
Epoch 1002, 1.0924007892608643
Dataset 763
Epoch 1003, 0.5735061764717102
Dataset 879
Epoch 1004, 0.4627704620361328
Dataset 917
Epoch 1005, 0.44453659653663635
Dataset 45059
Epoch 1006, 0.22792840003967285
Exception occurred: low >= high on dataset 801. Retrying with a different dataset...
Dataset 786
Epoch 1007, 0.4155416190624237
Dataset 463
Epoch 1008, 0.35412028431892395
Dataset 41
Epoch 1009, 1.1203486919403076
Dataset 934
Epoch 1010, 0.2389926165342331
Dataset 811
Epoch 1011, 0.5982496738433838
Dataset 59
Epoch 1012, 0.22790032625198364
Dataset 1447
Epoch 1013, 0.33306020498275757
Dataset 723
Epoch 1014, 0.44454386830329895
Dataset 1513
Epoch 1015, 1.328633427619934
Dataset 747
Epoch 1016, 0.2339438796043396
Dataset 766
Epoch 1017, 0.5358375310897827
Dataset 45613
Epoch 1018, 0.32048556208610535
Dataset 879
Epoch 1019, 0.40602245926856995
Dataset 40680
Epoch 1020, 0.17464013397693634
Dataset 921
Epoch 1021, 0.3525597155094147
Dataset 1519
Epoch 1022, 0.24299144744873047
Dataset 779
Epoch 1023, 0.5020714402198792
Dataset 42186
Epoch 1024, 0.1988169401884079
Dataset 49
Epoch 1025, 0.45566320419311523
Dataset 45063
Epoch 1026, 0.37696540355682373
Dataset 1513
Epoch 1027, 1.3217558860778809
Dataset 949
Epoch 1028, 0.36612093448638916
Dataset 875
Epoch 1029, 0.47101086378097534
Dataset 1500
Epoch 1030, 0.3126831650733948
Dataset 41946
Epoch 1031, 0.18185430765151978
Dataset 873
Epoch 1032, 0.6174419522285461
Dataset 44382
Epoch 1033, 0.39600932598114014
Dataset 879
Epoch 1034, 0.41149479150772095
Dataset 285
Epoch 1035, 1.6725635528564453
Dataset 926
Epoch 1036, 0.610994279384613
Dataset 41004
Epoch 1037, 0.5561099052429199
Dataset 338
Epoch 1038, 1.294041633605957
Dataset 745
Epoch 1039, 0.11505891382694244
Dataset 853
Epoch 1040, 0.43083491921424866
Dataset 45613
Epoch 1041, 0.2882196307182312
Dataset 44387
Epoch 1042, 0.5174365639686584
Dataset 829
Epoch 1043, 0.5886905789375305
Dataset 880
Epoch 1044, 0.2675820291042328
Dataset 745
Epoch 1045, 0.1109277680516243
Dataset 868
Epoch 1046, 0.4632730185985565
Dataset 4153
Epoch 1047, 0.4955975115299225
Dataset 40678
Epoch 1048, 1.2902500629425049
Dataset 772
Epoch 1049, 0.7107560038566589
Dataset 728
Epoch 1050, 0.36738523840904236
Dataset 743
Epoch 1051, 0.5698726773262024
Dataset 813
Epoch 1052, 0.48367971181869507
Dataset 1553
Epoch 1053, 1.083121657371521
Dataset 40706
Epoch 1054, 0.6929670572280884
Dataset 452
Epoch 1055, 1.643570899963379
Dataset 43097
Epoch 1056, 0.6831141114234924
Dataset 723
Epoch 1057, 0.6409325003623962
Dataset 743
Epoch 1058, 0.5107066035270691
Dataset 907
Epoch 1059, 0.6979081630706787
Dataset 333
Epoch 1060, 0.6857752799987793
Dataset 1495
Epoch 1061, 0.18164712190628052
Dataset 1121
Epoch 1062, 0.08990397304296494
Dataset 156
Epoch 1063, 1.429060935974121
Dataset 885
Epoch 1064, 0.24590888619422913
Dataset 337
Epoch 1065, 0.40450796484947205
Dataset 806
Epoch 1066, 0.5445511341094971
Dataset 783
Epoch 1067, 0.5384523868560791
Dataset 694
Epoch 1068, 0.5388389229774475
Dataset 771
Epoch 1069, 0.6056756973266602
Dataset 876
Epoch 1070, 0.6799091696739197
Dataset 884
Epoch 1071, 0.5893477201461792
Dataset 940
Epoch 1072, 0.3713730573654175
Dataset 984
Epoch 1073, 0.2956952452659607
Dataset 733
Epoch 1074, 0.2245672643184662
Dataset 918
Epoch 1075, 0.5184199213981628
Dataset 1467
Epoch 1076, 0.2483682781457901
Dataset 1554
Epoch 1077, 1.4718636274337769
Dataset 733
Epoch 1078, 0.20921413600444794
Dataset 921
Epoch 1079, 0.3285609781742096
Dataset 1450
Epoch 1080, 0.5333701968193054
Dataset 840
Epoch 1081, 0.24721431732177734
Dataset 49
Epoch 1082, 0.45369791984558105
Dataset 1412
Epoch 1083, 0.36223405599594116
Dataset 911
Epoch 1084, 0.48363032937049866
Dataset 153
Epoch 1085, 0.5551377534866333
Dataset 43148
Epoch 1086, 1.0883843898773193
Dataset 41430
Epoch 1087, 0.5091524720191956
Dataset 685
Epoch 1088, 1.5324386358261108
Dataset 733
Epoch 1089, 0.21077361702919006
Dataset 42261
Epoch 1090, 0.18341948091983795
Dataset 41976
Epoch 1091, 0.6114119291305542
Dataset 44154
Epoch 1092, 0.1701226383447647
Dataset 871
Epoch 1093, 0.6944945454597473
Dataset 812
Epoch 1094, 0.677741527557373
Dataset 44608
Epoch 1095, 0.29105210304260254
Dataset 43859
Epoch 1096, 0.177443265914917
Dataset 44608
Epoch 1097, 0.2586975693702698
Dataset 1508
Epoch 1098, 1.0243451595306396
Dataset 1167
Epoch 1099, 0.6449647545814514
WARNING:openml.datasets.functions:Could not download file from https://openml1.win.tue.nl/datasets/0004/45939/dataset_45939.pq: Object at 'https://openml1.win.tue.nl/datasets/0004/45939/dataset_45939.pq' does not exist.
WARNING:openml.datasets.functions:Failed to download parquet, fallback on ARFF.
Dataset 45939
Epoch 1100, 0.36270302534103394
Dataset 41004
Epoch 1101, 0.489202082157135
Dataset 1016
Epoch 1102, 0.18014514446258545
Dataset 845
Epoch 1103, 0.635553777217865
Dataset 44488
Epoch 1104, 0.20032526552677155
Dataset 329
Epoch 1105, 0.8169226050376892
Dataset 329
Epoch 1106, 0.7662984728813171
Dataset 44153
Epoch 1107, 1.1326780319213867
Dataset 43973
Epoch 1108, 0.5715312361717224
Dataset 41496
Epoch 1109, 0.6927505135536194
Dataset 995
Epoch 1110, 0.09019214659929276
Dataset 902
Epoch 1111, 0.6729525327682495
Dataset 1511
Epoch 1112, 0.3221777379512787
Dataset 43892
Epoch 1113, 0.3612983524799347
Dataset 1121
Epoch 1114, 0.11474861949682236
Dataset 59
Epoch 1115, 0.20272958278656006
Dataset 1519
Epoch 1116, 0.4232070744037628
Dataset 1064
Epoch 1117, 0.3048785626888275
Dataset 45063
Epoch 1118, 0.3781047463417053
Dataset 756
Epoch 1119, 0.12147289514541626
Dataset 1065
Epoch 1120, 0.24302999675273895
Dataset 45613
Epoch 1121, 0.31416621804237366
Dataset 40
Epoch 1122, 0.4742976725101471
Dataset 1455
Epoch 1123, 0.09395207464694977
Dataset 40649
Epoch 1124, 0.6930568814277649
Dataset 971
Epoch 1125, 0.0565018430352211
Dataset 941
Epoch 1126, 0.4967990815639496
Dataset 944
Epoch 1127, 0.48576176166534424
Dataset 41156
Epoch 1128, 0.3876941204071045
Dataset 879
Epoch 1129, 0.501896321773529
Dataset 962
Epoch 1130, 0.07606881856918335
Dataset 968
Epoch 1131, 0.34675562381744385
Dataset 43921
Epoch 1132, 0.5730083584785461
Dataset 124
Epoch 1133, 0.4121401011943817
Dataset 285
Epoch 1134, 1.6252985000610352
Dataset 446
Epoch 1135, 0.409020334482193
Dataset 1495
Epoch 1136, 0.19397570192813873
Dataset 461
Epoch 1137, 0.41341572999954224
Dataset 43893
Epoch 1138, 0.37048807740211487
Dataset 335
Epoch 1139, 0.4780893623828888
Dataset 44151
Epoch 1140, 0.1802884340286255
Dataset 42638
Epoch 1141, 0.5078943371772766
Dataset 925
Epoch 1142, 0.2669932246208191
Dataset 904
Epoch 1143, 0.5249233841896057
Dataset 1549
Epoch 1144, 1.9960097074508667
Dataset 1488
Epoch 1145, 0.2754165232181549
Dataset 44628
Epoch 1146, 0.365546315908432
Dataset 41701
Epoch 1147, 1.1162257194519043
Dataset 40
Epoch 1148, 0.4436333477497101
Dataset 747
Epoch 1149, 0.2537682354450226
Dataset 1059
Epoch 1150, 0.18793222308158875
Dataset 885
Epoch 1151, 0.23505564033985138
Dataset 930
Epoch 1152, 0.538940966129303
Dataset 41701
Epoch 1153, 1.0707881450653076
Dataset 45557
Epoch 1154, 0.5496971011161804
Dataset 805
Epoch 1155, 0.6567033529281616
Dataset 943
Epoch 1156, 0.5350929498672485
Dataset 43
Epoch 1157, 0.5544356107711792
Dataset 866
Epoch 1158, 0.5002155303955078
Dataset 475
Epoch 1159, 1.2934095859527588
Exception occurred: low >= high on dataset 782. Retrying with a different dataset...
Dataset 45717
Epoch 1160, 0.6310680508613586
Dataset 866
Epoch 1161, 0.5211226940155029
Exception occurred: No access granted - None on dataset 167. Retrying with a different dataset...
Dataset 997
Epoch 1162, 0.5151869654655457
Dataset 808
Epoch 1163, 0.5508962869644165
Dataset 450
Epoch 1164, 0.1703222393989563
Dataset 44723
Epoch 1165, 0.3971642553806305
Dataset 829
Epoch 1166, 0.5789152383804321
Dataset 44397
Epoch 1167, 0.5675255656242371
Dataset 747
Epoch 1168, 0.22524382174015045
Dataset 446
Epoch 1169, 0.3038533329963684
Dataset 44227
Epoch 1170, 0.6357761025428772
Dataset 906
Epoch 1171, 0.6934496760368347
Dataset 1413
Epoch 1172, 0.2188267856836319
Dataset 43895
Epoch 1173, 0.18725630640983582
Dataset 56
Epoch 1174, 0.1795821636915207
Dataset 879
Epoch 1175, 0.49508073925971985
Dataset 825
Epoch 1176, 0.3566809892654419
Dataset 831
Epoch 1177, 0.3120512068271637
Dataset 810
Epoch 1178, 0.5573965311050415
Dataset 971
Epoch 1179, 0.03186212107539177
Dataset 463
Epoch 1180, 0.34598639607429504
Dataset 917
Epoch 1181, 0.46067994832992554
Dataset 44095
Epoch 1182, 0.2681707739830017
Dataset 770
Epoch 1183, 0.6044607162475586
WARNING:openml.datasets.functions:Could not download file from https://openml1.win.tue.nl/datasets/0004/43147/dataset_43147.pq: Object at 'https://openml1.win.tue.nl/datasets/0004/43147/dataset_43147.pq' does not exist.
WARNING:openml.datasets.functions:Failed to download parquet, fallback on ARFF.
Exception occurred: Unsupported escape sequence: \w on dataset 43147. Retrying with a different dataset...
Dataset 44227
Epoch 1184, 0.6097646951675415
Dataset 908
Epoch 1185, 0.693670392036438
Dataset 42261
Epoch 1186, 0.2015702724456787
Dataset 1547
Epoch 1187, 0.5631945133209229
Dataset 45557
Epoch 1188, 0.5293144583702087
Dataset 44096
Epoch 1189, 0.5308783650398254
Exception occurred: The DType <class 'numpy.dtype[datetime64]'> could not be promoted by <class 'numpy.dtype[float64]'>. This means that no common DType exists for the given inputs. For example they cannot be stored in a single array unless the dtype is `object`. The full list of DTypes is: (<class 'numpy.dtype[datetime64]'>, <class 'numpy.dtype[float64]'>, <class 'numpy.dtype[float64]'>, <class 'numpy.dtype[float64]'>, <class 'numpy.dtype[float64]'>, <class 'numpy.dtype[float64]'>, <class 'numpy.dtype[float64]'>, <class 'numpy.dtype[float64]'>, <class 'numpy.dtype[float64]'>, <class 'numpy.dtype[float64]'>, <class 'numpy.dtype[float64]'>) on dataset 41863. Retrying with a different dataset...
Dataset 451
Epoch 1190, 0.3232865631580353
Dataset 1449
Epoch 1191, 0.25588980317115784
Dataset 786
Epoch 1192, 0.4479084312915802
Dataset 452
Epoch 1193, 1.5720901489257812
Dataset 44643
Epoch 1194, 0.4104630947113037
Dataset 44382
Epoch 1195, 0.4333491921424866
WARNING:openml.datasets.functions:Could not download file from https://openml1.win.tue.nl/datasets/0004/45939/dataset_45939.pq: Object at 'https://openml1.win.tue.nl/datasets/0004/45939/dataset_45939.pq' does not exist.
WARNING:openml.datasets.functions:Failed to download parquet, fallback on ARFF.
Dataset 45939
Epoch 1196, 0.4008578956127167
Dataset 797
Epoch 1197, 0.4595643877983093
Dataset 1504
Epoch 1198, 0.37154620885849
Dataset 832
Epoch 1199, 0.42629384994506836
Dataset 40663
Epoch 1200, 1.4874857664108276
Dataset 1443
Epoch 1201, 0.21160465478897095
Dataset 802
Epoch 1202, 0.6070901155471802
Dataset 44723
